C51 COMPILER V7.09   LC12864                                                               09/16/2011 03:31:18 PAGE 1   


C51 COMPILER V7.09, COMPILATION OF MODULE LC12864
OBJECT MODULE PLACED IN LC12864.OBJ
COMPILER INVOKED BY: E:\Keil\C51\BIN\C51.EXE LC12864.c DEBUG OBJECTEXTEND

line level    source

   1          /**************************************************************************
   2           * EVB900A-V1开发板实验程序                                              *
   3           * 版本： (C) Copyright 2010,SC.etc,DCL,CHM    All Rights reserved.      *
   4           * 网站： mcuep.taobao.com                            *
   5           * 邮箱： dcl0@sina.com                                                  *
   6           * 作者： DCL,CHM
   7           * 来源： 思创电子  Xa' STrong ELECTRONICS CO.,LTD      *
   8           *【版权】Copyright(A) 思创电子 mcuep.taobao.com  All Rights Reserved    *
   9           *【声明】此程序仅用于学习与参考，引用请注明版权和作者信息！             *
  10           *************************************************************************/
  11          #include "C8051F340.H"     //调用头文件（单片机内部的寄存器定义）
  12          #include "intrins.h"
  13          #include <string.h>
  14          
  15          
  16          unsigned char code IC_DAT[];
  17          unsigned char code pic1[];
  18          unsigned char code pic2[];
  19          unsigned char code pic3[]; 
  20          
  21          
  22          sbit LCM_RS       =   P0^2; //1602/12864LCD管脚定义
  23          sbit LCM_RW       =   P1^3; //1602/12864LCD管脚定义
  24          sbit LCM_E        =   P1^4; //1602LCD管脚定义
  25          sbit LCM_PSB      =   P1^5; //串并口选择位
  26          sbit LCM_RES      =   P1^6; //RESET
  27          
  28          ////////////////////////////LCD12864液晶程序/////////////////////////////////////////////
  29          ////////////////////////////////////////////////////////////////////////////////////////
  30          void delay(unsigned int ms)       //延时多长时间？？？
  31          {
  32   1        unsigned char i;
  33   1        while(ms--)
  34   1        {
  35   2          for(i = 0; i< 250; i++)
  36   2          {
  37   3            _nop_();_nop_();_nop_();_nop_();
  38   3          }
  39   2        }
  40   1      }
  41          /********************************************************************
  42          * 名称 : TransferData()
  43          * 功能 : 向12864液晶写数据或命令
  44          * 输入 : data1,DI=0传送命令,当DI=1,传送数据.
  45          * 输出 : 无
  46          ***********************************************************************/
  47          void TransferData(unsigned char data1,bit DI) //传送数据或者命令,当DI=0是,传送命令,当DI=1,传送数据.
  48          {
  49   1           LCM_RW=0;
  50   1           LCM_RS=DI;
  51   1           delay(1);
  52   1               P1=data1;
  53   1           LCM_E=1;
  54   1           delay(1);
  55   1           LCM_E=0;
C51 COMPILER V7.09   LC12864                                                               09/16/2011 03:31:18 PAGE 2   

  56   1      }
  57          /********************************************************************
  58          * 名称 : initinal()
  59          * 功能 : 字库初始化
  60          * 输入 : 无
  61          * 输出 : 无
  62          ***********************************************************************/
  63          void initinal(void) //LCD字库初始化程序
  64          {
  65   1                 delay(100);            //大于40MS的延时程序
  66   1                 LCM_PSB=1;             //设置为8BIT并口工作模式
  67   1                 delay(5);              //延时
  68   1                 LCM_RES=0;             //复位
  69   1                 delay(5);              //延时
  70   1                 LCM_RES=1;             //复位置高
  71   1                 delay(10);
  72   1                 TransferData(0x30,0);  //Extended Function Set :8BIT设置,RE=0: basic instruction set, G=0 :grap
             -hic display OFF
  73   1                 delay(100);            //大于100uS的延时程序
  74   1                 TransferData(0x30,0);  //Function Set
  75   1                 delay(30);             ////大于37uS的延时程序
  76   1                 TransferData(0x08,0);  //Display on Control
  77   1                 delay(100);            //大于100uS的延时程序
  78   1                 TransferData(0x10,0);  //CuLCM_RSor Display Control光标设置
  79   1                 delay(100);            //大于100uS的延时程序
  80   1                 TransferData(0x0C,0);  //Display Control,D=1,显示开
  81   1                 delay(100);            //大于100uS的延时程序
  82   1                 TransferData(0x01,0);  //Display Clear
  83   1                 delay(10);             //大于10mS的延时程序
  84   1                 TransferData(0x06,0);  //Enry Mode Set,光标从右向左加1位移动
  85   1                 delay(100);            //大于100uS的延时程序
  86   1       }
  87          
  88          /********************************************************************
  89          * 名称 : initina2()
  90          * 功能 : 图形显示初始化
  91          * 输入 : 无
  92          * 输出 : 无
  93          ***********************************************************************/
  94          void initina2(void) //LCD显示图片(扩展)初始化程序
  95          {
  96   1                 delay(100);            //大于40MS的延时程序
  97   1                 LCM_PSB=1;             //设置为8BIT并口工作模式
  98   1                 delay(5);              //延时
  99   1                 LCM_RES=0;             //复位
 100   1                 delay(5);              //延时
 101   1                 LCM_RES=1;             //复位置高
 102   1                 delay(5);
 103   1      
 104   1                 TransferData(0x36,0);  //Extended Function Set RE=1: extended instruction
 105   1                 delay(100);            //大于100uS的延时程序
 106   1                 TransferData(0x36,0);  //Extended Function Set:RE=1: extended instruction set
 107   1                 delay(20);             ////大于37uS的延时程序
 108   1                 TransferData(0x3E,0);  //EXFUNCTION(DL=8BITS,RE=1,G=1)
 109   1                 delay(100);            //大于100uS的延时程序
 110   1                 TransferData(0x01,0);  //CLEAR SCREEN
 111   1                 delay(100);            //大于100uS的延时程序
 112   1      }
 113          
 114          
 115          /********************************************************************
 116          * 名称 : lcd_mesg()
C51 COMPILER V7.09   LC12864                                                               09/16/2011 03:31:18 PAGE 3   

 117          * 功能 : 主函数
 118          * 输入 : 无
 119          * 输出 : 无
 120          ***********************************************************************/
 121          void lcd_mesg(unsigned char code *adder1)
 122          {
 123   1              unsigned char i;
 124   1          
 125   1          TransferData(0x80,0);  //Set Graphic Display RAM AddLCM_RESs
 126   1          delay(200);
 127   1              for(i=0;i<32;i++)
 128   1              {
 129   2                      TransferData(*adder1,1);
 130   2                      adder1++;
 131   2              }
 132   1      
 133   1          TransferData(0x90,0);  //Set Graphic Display RAM AddLCM_RESs
 134   1          delay(100);
 135   1              for(i=32;i<64;i++)
 136   1              {
 137   2                      TransferData(*adder1,1);
 138   2                      adder1++;
 139   2              }
 140   1      }
 141          
 142          
 143          void LCMInit_12864(void)
 144          {
 145   1        delay(100);            //大于40MS的延时程序
 146   1        LCM_PSB=1;             //设置为8BIT并口工作模式
 147   1        delay(5);              //延时
 148   1        LCM_RES=0;             //复位
 149   1        delay(5);              //延时
 150   1        LCM_RES=1;             //复位置高
 151   1        delay(10);
 152   1        TransferData(0x30,0);
 153   1        delay(100);            //大于100uS的延时程序
 154   1        TransferData(0x30,0); //2次显示模式设置，不用判忙
 155   1        delay(30);             ////大于37uS的延时程序
 156   1        TransferData(0x0C,0); //开显示及光标设置
 157   1        delay(100);            //大于100uS的延时程序
 158   1        TransferData(0x01,0); //显示清屏
 159   1        delay(10);            //大于100uS的延时程序
 160   1        TransferData(0x06,1); //显示光标移动设置
 161   1        delay(100);            //大于100uS的延时程序
 162   1      
 163   1      }
 164          /********************************************************************
 165          * 名称 : Main()
 166          * 功能 : 在指定位置显示数据
 167          * 输入 : X:(0-7)横坐标,Y:(0-3)纵坐标,string:要显示的数据,num:数据长度(1个汉字占2个字节)
 168          * 输出 : 无
 169          ***********************************************************************/
 170          void Display_String(unsigned char X,unsigned char Y,unsigned char *string,unsigned char num)//显示字符串
 171          {
 172   1        unsigned char addr,i;
 173   1       
 174   1        if(Y==0)
 175   1        addr=0x80;
 176   1        else if(Y==1)
 177   1        addr=0x90;
 178   1        else if(Y==2)
C51 COMPILER V7.09   LC12864                                                               09/16/2011 03:31:18 PAGE 4   

 179   1        addr=0x88;
 180   1        else if(Y==3)
 181   1        addr=0x98;
 182   1        addr=addr+X;
 183   1        TransferData(addr,0);
 184   1        for(i=0;i<num;i++)
 185   1        {
 186   2          TransferData(*string++,1);
 187   2        }
 188   1      }
 189          
 190          /********************************************************************
 191          * 名称 : Main()
 192          * 功能 : 主函数
 193          * 输入 : 无
 194          * 输出 : 无
 195          ***********************************************************************/
 196          void DisplayGraphic(unsigned char code *adder)
 197          {
 198   1      
 199   1         int i,j;
 200   1      //*******显示上半屏内容设置
 201   1         for(i=0;i<32;i++)              //
 202   1          { 
 203   2            TransferData((0x80 + i),0); //SET  垂直地址 VERTICAL ADD
 204   2            TransferData(0x80,0);       //SET  水平地址 HORIZONTAL ADD
 205   2            for(j=0;j<16;j++)
 206   2             {
 207   3               TransferData(*adder,1);
 208   3               adder++;
 209   3             }
 210   2          }      
 211   1      //*******显示下半屏内容设置
 212   1         for(i=0;i<32;i++)              //
 213   1          {
 214   2            TransferData((0x80 + i),0); //SET 垂直地址 VERTICAL ADD
 215   2            TransferData(0x88,0);       //SET 水平地址 HORIZONTAL ADD
 216   2            for(j=0;j<16;j++)
 217   2             {
 218   3               TransferData(*adder,1);
 219   3               adder++;
 220   3             }
 221   2          }
 222   1      }
 223          
 224          
 225          
 226          


MODULE INFORMATION:   STATIC OVERLAYABLE
   CODE SIZE        =    655    ----
   CONSTANT SIZE    =   ----    ----
   XDATA SIZE       =   ----    ----
   PDATA SIZE       =   ----    ----
   DATA SIZE        =   ----      16
   IDATA SIZE       =   ----    ----
   BIT SIZE         =   ----       1
END OF MODULE INFORMATION.


C51 COMPILATION COMPLETE.  0 WARNING(S),  0 ERROR(S)
